<?xml version="1.0" encoding="UTF-8"?>
<!-- Generated by org.testng.reporters.JUnitXMLReporter -->
<testsuite ignored="2" hostname="FFE-Bandi-Saiteja" failures="0" tests="3" name="Test" time="3.583" errors="0" timestamp="2025-10-24T10:44:46 IST">
  <testcase classname="com.ninza.HRM.employees.EmployeeAddingTest" name="addEmployee" time="2.454"/>
  <testcase classname="com.ninza.HRM.projects.addAProjectWithValidData" name="addProject" time="1.066"/>
  <testcase classname="com.ninza.HRM.projects.addAProjectWithValidData" name="addProjectWithDuplicateProjectName" time="0.025"/>
  <testcase classname="com.ninza.HRM.BaseAPIClass.BaseAPIClass" name="@AfterSuite configAS" time="0.0">
    <ignored/>
  </testcase> <!-- @AfterSuite configAS -->
  <testcase classname="com.ninza.HRM.BaseAPIClass.BaseAPIClass" name="@BeforeSuite configBS" time="0.0">
    <ignored/>
  </testcase> <!-- @BeforeSuite configBS -->
</testsuite> <!-- Test -->
