<?xml version="1.0" encoding="UTF-8"?>
<testng-results ignored="0" total="3" passed="3" failed="0" skipped="0">
  <reporter-output>
  </reporter-output>
  <suite started-at="2025-10-24T10:44:43 IST" name="Suite" finished-at="2025-10-24T10:44:46 IST" duration-ms="3583">
    <groups>
    </groups>
    <test started-at="2025-10-24T10:44:43 IST" name="Test" finished-at="2025-10-24T10:44:46 IST" duration-ms="3583">
      <class name="com.ninza.HRM.projects.addAProjectWithValidData">
        <test-method signature="addProject()[pri:0, instance:com.ninza.HRM.projects.addAProjectWithValidData@fa4c865]" started-at="2025-10-24T10:44:45 IST" name="addProject" finished-at="2025-10-24T10:44:46 IST" duration-ms="1066" status="PASS">
          <reporter-output>
          </reporter-output>
        </test-method> <!-- addProject -->
        <test-method signature="addProjectWithDuplicateProjectName()[pri:0, instance:com.ninza.HRM.projects.addAProjectWithValidData@fa4c865]" started-at="2025-10-24T10:44:46 IST" name="addProjectWithDuplicateProjectName" finished-at="2025-10-24T10:44:46 IST" depends-on-methods="com.ninza.HRM.projects.addAProjectWithValidData.addProject" duration-ms="25" status="PASS">
          <reporter-output>
          </reporter-output>
        </test-method> <!-- addProjectWithDuplicateProjectName -->
      </class> <!-- com.ninza.HRM.projects.addAProjectWithValidData -->
      <class name="com.ninza.HRM.employees.EmployeeAddingTest">
        <test-method is-config="true" signature="configBS()[pri:0, instance:com.ninza.HRM.employees.EmployeeAddingTest@61322f9d]" started-at="2025-10-24T10:44:42 IST" name="configBS" finished-at="2025-10-24T10:44:43 IST" duration-ms="800" status="PASS">
          <reporter-output>
          </reporter-output>
        </test-method> <!-- configBS -->
        <test-method signature="addEmployee()[pri:0, instance:com.ninza.HRM.employees.EmployeeAddingTest@61322f9d]" started-at="2025-10-24T10:44:43 IST" name="addEmployee" finished-at="2025-10-24T10:44:45 IST" duration-ms="2454" status="PASS">
          <reporter-output>
          </reporter-output>
        </test-method> <!-- addEmployee -->
        <test-method is-config="true" signature="configAS()[pri:0, instance:com.ninza.HRM.employees.EmployeeAddingTest@61322f9d]" started-at="2025-10-24T10:44:46 IST" name="configAS" finished-at="2025-10-24T10:44:46 IST" duration-ms="9" status="PASS">
          <reporter-output>
          </reporter-output>
        </test-method> <!-- configAS -->
      </class> <!-- com.ninza.HRM.employees.EmployeeAddingTest -->
    </test> <!-- Test -->
  </suite> <!-- Suite -->
</testng-results>
