<?xml version="1.0" encoding="UTF-8"?>
<testng-results ignored="0" total="1" passed="1" failed="0" skipped="0">
  <reporter-output>
  </reporter-output>
  <suite started-at="2025-10-23T14:23:02 IST" name="Default suite" finished-at="2025-10-23T14:23:05 IST" duration-ms="3010">
    <groups>
    </groups>
    <test started-at="2025-10-23T14:23:02 IST" name="Default test" finished-at="2025-10-23T14:23:05 IST" duration-ms="3010">
      <class name="mockingBySpark.CreditCardMock">
        <test-method signature="creditMock()[pri:0, instance:mockingBySpark.CreditCardMock@6989da5e]" started-at="2025-10-23T14:23:02 IST" name="creditMock" finished-at="2025-10-23T14:23:05 IST" duration-ms="2952" status="PASS">
          <reporter-output>
          </reporter-output>
        </test-method> <!-- creditMock -->
      </class> <!-- mockingBySpark.CreditCardMock -->
    </test> <!-- Default test -->
  </suite> <!-- Default suite -->
</testng-results>
